#
# There is insufficient memory for the Java Runtime Environment to continue.
# Native memory allocation (malloc) failed to allocate 1266416 bytes for Chunk::new
# Possible reasons:
#   The system is out of physical RAM or swap space
#   The process is running with CompressedOops enabled, and the Java Heap may be blocking the growth of the native heap
# Possible solutions:
#   Reduce memory load on the system
#   Increase physical memory or swap space
#   Check if swap backing store is full
#   Decrease Java heap size (-Xmx/-Xms)
#   Decrease number of Java threads
#   Decrease Java thread stack sizes (-Xss)
#   Set larger code cache with -XX:ReservedCodeCacheSize=
#   JVM is running with Unscaled Compressed Oops mode in which the Java heap is
#     placed in the first 4GB address space. The Java Heap base address is the
#     maximum limit for the native heap growth. Please use -XX:HeapBaseMinAddress
#     to set the Java Heap base and to place the Java Heap above 4GB virtual address.
# This output file may be truncated or incomplete.
#
#  Out of Memory Error (./src/hotspot/share/memory/arena.cpp:197), pid=4208, tid=13540
#
# JRE version: OpenJDK Runtime Environment (11.0.12+7) (build 11.0.12+7-b1504.28-7817840)
# Java VM: OpenJDK 64-Bit Server VM (11.0.12+7-b1504.28-7817840, mixed mode, tiered, compressed oops, g1 gc, windows-amd64)
# No core dump will be written. Minidumps are not enabled by default on client versions of Windows
#

---------------  S U M M A R Y ------------

Command Line: --add-opens=java.base/java.util=ALL-UNNAMED --add-opens=java.base/java.lang=ALL-UNNAMED --add-opens=java.base/java.lang.invoke=ALL-UNNAMED --add-opens=java.base/java.util=ALL-UNNAMED --add-opens=java.prefs/java.util.prefs=ALL-UNNAMED --add-opens=java.prefs/java.util.prefs=ALL-UNNAMED --add-opens=java.base/java.nio.charset=ALL-UNNAMED --add-opens=java.base/java.net=ALL-UNNAMED --add-opens=java.base/java.util.concurrent.atomic=ALL-UNNAMED -Xmx2048m -Dfile.encoding=UTF-8 -Duser.country=US -Duser.language=en -Duser.variant org.gradle.launcher.daemon.bootstrap.GradleDaemon 7.3.3

Host: Intel(R) Core(TM) i7-4600U CPU @ 2.10GHz, 4 cores, 15G,  Windows 10 , 64 bit Build 19041 (10.0.19041.1889)
Time: Wed Oct 26 12:43:00 2022 Egypt Standard Time elapsed time: 14.362926 seconds (0d 0h 0m 14s)

---------------  T H R E A D  ---------------

Current thread (0x000002af236f6800):  JavaThread "C2 CompilerThread0" daemon [_thread_in_native, id=13540, stack(0x000000d4a3f00000,0x000000d4a4000000)]


Current CompileTask:
C2:  14363 3263       4       java.net.URLClassLoader$1::run (5 bytes)

Stack: [0x000000d4a3f00000,0x000000d4a4000000]
Native frames: (J=compiled Java code, j=interpreted, Vv=VM code, C=native code)
V  [jvm.dll+0x5fbcea]
V  [jvm.dll+0x731905]
V  [jvm.dll+0x732f1d]
V  [jvm.dll+0x7335d3]
V  [jvm.dll+0x247bf8]
V  [jvm.dll+0xc018c]
V  [jvm.dll+0xc06cc]
V  [jvm.dll+0x35b31d]
V  [jvm.dll+0x19cebc]
V  [jvm.dll+0x20070e]
V  [jvm.dll+0x1ff794]
V  [jvm.dll+0x18868c]
V  [jvm.dll+0x20e0d7]
V  [jvm.dll+0x20c901]
V  [jvm.dll+0x6f9b7f]
V  [jvm.dll+0x6f26a5]
V  [jvm.dll+0x5fabf6]
C  [ucrtbase.dll+0x21bb2]
C  [KERNEL32.DLL+0x17034]
C  [ntdll.dll+0x526a1]


---------------  P R O C E S S  ---------------

Threads class SMR info:
_java_thread_list=0x000002af2717a500, length=30, elements={
0x000002af08a7b800, 0x000002af22e6c800, 0x000002af22e68000, 0x000002af236e7800,
0x000002af236e8800, 0x000002af236ed800, 0x000002af236f6800, 0x000002af236fa800,
0x000002af23700000, 0x000002af2386f800, 0x000002af25a08000, 0x000002af25be7800,
0x000002af25be5000, 0x000002af25be8800, 0x000002af25be6000, 0x000002af25be6800,
0x000002af25be9000, 0x000002af25bea000, 0x000002af25be4000, 0x000002af25bea800,
0x000002af2570f000, 0x000002af25710000, 0x000002af25710800, 0x000002af25711800,
0x000002af25712800, 0x000002af2570d800, 0x000002af2570e800, 0x000002af25719000,
0x000002af25716800, 0x000002af25717000
}

Java Threads: ( => current thread )
  0x000002af08a7b800 JavaThread "main" [_thread_blocked, id=14792, stack(0x000000d4a3300000,0x000000d4a3400000)]
  0x000002af22e6c800 JavaThread "Reference Handler" daemon [_thread_blocked, id=15296, stack(0x000000d4a3a00000,0x000000d4a3b00000)]
  0x000002af22e68000 JavaThread "Finalizer" daemon [_thread_blocked, id=220, stack(0x000000d4a3b00000,0x000000d4a3c00000)]
  0x000002af236e7800 JavaThread "Signal Dispatcher" daemon [_thread_blocked, id=14740, stack(0x000000d4a3c00000,0x000000d4a3d00000)]
  0x000002af236e8800 JavaThread "Attach Listener" daemon [_thread_blocked, id=8072, stack(0x000000d4a3d00000,0x000000d4a3e00000)]
  0x000002af236ed800 JavaThread "Service Thread" daemon [_thread_blocked, id=11976, stack(0x000000d4a3e00000,0x000000d4a3f00000)]
=>0x000002af236f6800 JavaThread "C2 CompilerThread0" daemon [_thread_in_native, id=13540, stack(0x000000d4a3f00000,0x000000d4a4000000)]
  0x000002af236fa800 JavaThread "C1 CompilerThread0" daemon [_thread_blocked, id=9680, stack(0x000000d4a4000000,0x000000d4a4100000)]
  0x000002af23700000 JavaThread "Sweeper thread" daemon [_thread_blocked, id=11568, stack(0x000000d4a4100000,0x000000d4a4200000)]
  0x000002af2386f800 JavaThread "Common-Cleaner" daemon [_thread_blocked, id=14376, stack(0x000000d4a4200000,0x000000d4a4300000)]
  0x000002af25a08000 JavaThread "Daemon health stats" [_thread_blocked, id=10892, stack(0x000000d4a4800000,0x000000d4a4900000)]
  0x000002af25be7800 JavaThread "Incoming local TCP Connector on port 49325" [_thread_in_native, id=6788, stack(0x000000d4a4400000,0x000000d4a4500000)]
  0x000002af25be5000 JavaThread "Daemon periodic checks" [_thread_blocked, id=2384, stack(0x000000d4a4900000,0x000000d4a4a00000)]
  0x000002af25be8800 JavaThread "Daemon" [_thread_blocked, id=13128, stack(0x000000d4a4a00000,0x000000d4a4b00000)]
  0x000002af25be6000 JavaThread "Handler for socket connection from /127.0.0.1:49325 to /127.0.0.1:49326" [_thread_in_native, id=13704, stack(0x000000d4a4b00000,0x000000d4a4c00000)]
  0x000002af25be6800 JavaThread "Cancel handler" [_thread_blocked, id=13984, stack(0x000000d4a4c00000,0x000000d4a4d00000)]
  0x000002af25be9000 JavaThread "Daemon worker" [_thread_blocked, id=14472, stack(0x000000d4a4d00000,0x000000d4a4e00000)]
  0x000002af25bea000 JavaThread "Asynchronous log dispatcher for DefaultDaemonConnection: socket connection from /127.0.0.1:49325 to /127.0.0.1:49326" [_thread_blocked, id=2156, stack(0x000000d4a4e00000,0x000000d4a4f00000)]
  0x000002af25be4000 JavaThread "Stdin handler" [_thread_blocked, id=6632, stack(0x000000d4a4f00000,0x000000d4a5000000)]
  0x000002af25bea800 JavaThread "Daemon client event forwarder" [_thread_blocked, id=12908, stack(0x000000d4a5000000,0x000000d4a5100000)]
  0x000002af2570f000 JavaThread "Cache worker for journal cache (C:\Users\Nader Mamdouh\.gradle\caches\journal-1)" [_thread_blocked, id=7280, stack(0x000000d4a5100000,0x000000d4a5200000)]
  0x000002af25710000 JavaThread "File lock request listener" [_thread_in_native, id=3240, stack(0x000000d4a5200000,0x000000d4a5300000)]
  0x000002af25710800 JavaThread "Cache worker for file hash cache (C:\Users\Nader Mamdouh\.gradle\caches\7.3.3\fileHashes)" [_thread_in_vm, id=10204, stack(0x000000d4a5300000,0x000000d4a5400000)]
  0x000002af25711800 JavaThread "Cache worker for file hash cache (C:\Users\Nader Mamdouh\AndroidStudioProjects\AsteroidRadar\.gradle\7.3.3\fileHashes)" [_thread_blocked, id=10092, stack(0x000000d4a5500000,0x000000d4a5600000)]
  0x000002af25712800 JavaThread "File watcher server" daemon [_thread_in_native, id=1556, stack(0x000000d4a5600000,0x000000d4a5700000)]
  0x000002af2570d800 JavaThread "File watcher consumer" daemon [_thread_blocked, id=9468, stack(0x000000d4a5700000,0x000000d4a5800000)]
  0x000002af2570e800 JavaThread "Cache worker for checksums cache (C:\Users\Nader Mamdouh\AndroidStudioProjects\AsteroidRadar\.gradle\7.3.3\checksums)" [_thread_blocked, id=14116, stack(0x000000d4a5400000,0x000000d4a5500000)]
  0x000002af25719000 JavaThread "Cache worker for cache directory md-supplier (C:\Users\Nader Mamdouh\.gradle\caches\7.3.3\md-supplier)" [_thread_blocked, id=11156, stack(0x000000d4a5800000,0x000000d4a5900000)]
  0x000002af25716800 JavaThread "Cache worker for cache directory md-rule (C:\Users\Nader Mamdouh\.gradle\caches\7.3.3\md-rule)" [_thread_blocked, id=14804, stack(0x000000d4a5900000,0x000000d4a5a00000)]
  0x000002af25717000 JavaThread "Cache worker for execution history cache (C:\Users\Nader Mamdouh\.gradle\caches\7.3.3\executionHistory)" [_thread_blocked, id=13672, stack(0x000000d4a5a00000,0x000000d4a5b00000)]

Other Threads:
  0x000002af23694000 VMThread "VM Thread" [stack: 0x000000d4a3900000,0x000000d4a3a00000] [id=9268]
  0x000002af23897800 WatcherThread [stack: 0x000000d4a4300000,0x000000d4a4400000] [id=14488]
  0x000002af08a94000 GCTaskThread "GC Thread#0" [stack: 0x000000d4a3400000,0x000000d4a3500000] [id=11880]
  0x000002af2414e000 GCTaskThread "GC Thread#1" [stack: 0x000000d4a4500000,0x000000d4a4600000] [id=3436]
  0x000002af2414e800 GCTaskThread "GC Thread#2" [stack: 0x000000d4a4600000,0x000000d4a4700000] [id=8644]
  0x000002af24659800 GCTaskThread "GC Thread#3" [stack: 0x000000d4a4700000,0x000000d4a4800000] [id=7248]
  0x000002af08ac6000 ConcurrentGCThread "G1 Main Marker" [stack: 0x000000d4a3500000,0x000000d4a3600000] [id=14676]
  0x000002af08ac8000 ConcurrentGCThread "G1 Conc#0" [stack: 0x000000d4a3600000,0x000000d4a3700000] [id=14576]
  0x000002af22cd0800 ConcurrentGCThread "G1 Refine#0" [stack: 0x000000d4a3700000,0x000000d4a3800000] [id=9144]
  0x000002af22cd1800 ConcurrentGCThread "G1 Young RemSet Sampling" [stack: 0x000000d4a3800000,0x000000d4a3900000] [id=13964]

Threads with active compile tasks:
C2 CompilerThread0  14429 3263       4       java.net.URLClassLoader$1::run (5 bytes)

VM state:not at safepoint (normal execution)

VM Mutex/Monitor currently owned by a thread: None

Heap address: 0x0000000080000000, size: 2048 MB, Compressed Oops mode: 32-bit
Narrow klass base: 0x0000000000000000, Narrow klass shift: 3
Compressed class space size: 1073741824 Address: 0x0000000100000000

Heap:
 garbage-first heap   total 262144K, used 53762K [0x0000000080000000, 0x0000000100000000)
  region size 1024K, 40 young (40960K), 7 survivors (7168K)
 Metaspace       used 37647K, capacity 38533K, committed 38784K, reserved 1083392K
  class space    used 4858K, capacity 5197K, committed 5248K, reserved 1048576K
Heap Regions: E=young(eden), S=young(survivor), O=old, HS=humongous(starts), HC=humongous(continues), CS=collection set, F=free, A=archive, TAMS=top-at-mark-start (previous, next)
|   0|0x0000000080000000, 0x0000000080100000, 0x0000000080100000|100%|HS|  |TAMS 0x0000000080100000, 0x0000000080000000| Complete 
|   1|0x0000000080100000, 0x0000000080200000, 0x0000000080200000|100%|HC|  |TAMS 0x0000000080200000, 0x0000000080100000| Complete 
|   2|0x0000000080200000, 0x0000000080300000, 0x0000000080300000|100%|HC|  |TAMS 0x0000000080300000, 0x0000000080200000| Complete 
|   3|0x0000000080300000, 0x0000000080400000, 0x0000000080400000|100%| O|  |TAMS 0x0000000080400000, 0x0000000080300000| Untracked 
|   4|0x0000000080400000, 0x0000000080500000, 0x0000000080500000|100%| O|  |TAMS 0x0000000080500000, 0x0000000080400000| Untracked 
|   5|0x0000000080500000, 0x0000000080600000, 0x0000000080600000|100%| O|  |TAMS 0x0000000080600000, 0x0000000080500000| Untracked 
|   6|0x0000000080600000, 0x0000000080700000, 0x0000000080700000|100%| O|  |TAMS 0x0000000080700000, 0x0000000080600000| Untracked 
|   7|0x0000000080700000, 0x0000000080800000, 0x0000000080800000|100%| O|  |TAMS 0x0000000080800000, 0x0000000080700000| Untracked 
|   8|0x0000000080800000, 0x0000000080900000, 0x0000000080900000|100%| O|  |TAMS 0x0000000080900000, 0x0000000080800000| Untracked 
|   9|0x0000000080900000, 0x0000000080a00000, 0x0000000080a00000|100%| O|  |TAMS 0x0000000080a00000, 0x0000000080900000| Untracked 
|  10|0x0000000080a00000, 0x0000000080b00000, 0x0000000080b00000|100%| O|  |TAMS 0x0000000080b00000, 0x0000000080a00000| Untracked 
|  11|0x0000000080b00000, 0x0000000080c00000, 0x0000000080c00000|100%| O|  |TAMS 0x0000000080c00000, 0x0000000080b00000| Untracked 
|  12|0x0000000080c00000, 0x0000000080d00000, 0x0000000080d00000|100%| O|  |TAMS 0x0000000080d00000, 0x0000000080c00000| Untracked 
|  13|0x0000000080d00000, 0x0000000080e00000, 0x0000000080e00000|100%| O|  |TAMS 0x0000000080e00000, 0x0000000080d00000| Untracked 
|  14|0x0000000080e00000, 0x0000000080f00000, 0x0000000080f00000|100%| O|  |TAMS 0x0000000080f00000, 0x0000000080e00000| Untracked 
|  15|0x0000000080f00000, 0x0000000080f56000, 0x0000000081000000| 33%| O|  |TAMS 0x0000000080f56000, 0x0000000080f00000| Untracked 
|  16|0x0000000081000000, 0x0000000081000000, 0x0000000081100000|  0%| F|  |TAMS 0x0000000081000000, 0x0000000081000000| Untracked 
|  17|0x0000000081100000, 0x0000000081100000, 0x0000000081200000|  0%| F|  |TAMS 0x0000000081100000, 0x0000000081100000| Untracked 
|  18|0x0000000081200000, 0x0000000081200000, 0x0000000081300000|  0%| F|  |TAMS 0x0000000081200000, 0x0000000081200000| Untracked 
|  19|0x0000000081300000, 0x0000000081300000, 0x0000000081400000|  0%| F|  |TAMS 0x0000000081300000, 0x0000000081300000| Untracked 
|  20|0x0000000081400000, 0x0000000081400000, 0x0000000081500000|  0%| F|  |TAMS 0x0000000081400000, 0x0000000081400000| Untracked 
|  21|0x0000000081500000, 0x0000000081500000, 0x0000000081600000|  0%| F|  |TAMS 0x0000000081500000, 0x0000000081500000| Untracked 
|  22|0x0000000081600000, 0x0000000081600000, 0x0000000081700000|  0%| F|  |TAMS 0x0000000081600000, 0x0000000081600000| Untracked 
|  23|0x0000000081700000, 0x0000000081700000, 0x0000000081800000|  0%| F|  |TAMS 0x0000000081700000, 0x0000000081700000| Untracked 
|  24|0x0000000081800000, 0x0000000081800000, 0x0000000081900000|  0%| F|  |TAMS 0x0000000081800000, 0x0000000081800000| Untracked 
|  25|0x0000000081900000, 0x0000000081900000, 0x0000000081a00000|  0%| F|  |TAMS 0x0000000081900000, 0x0000000081900000| Untracked 
|  26|0x0000000081a00000, 0x0000000081a00000, 0x0000000081b00000|  0%| F|  |TAMS 0x0000000081a00000, 0x0000000081a00000| Untracked 
|  27|0x0000000081b00000, 0x0000000081b00000, 0x0000000081c00000|  0%| F|  |TAMS 0x0000000081b00000, 0x0000000081b00000| Untracked 
|  28|0x0000000081c00000, 0x0000000081c00000, 0x0000000081d00000|  0%| F|  |TAMS 0x0000000081c00000, 0x0000000081c00000| Untracked 
|  29|0x0000000081d00000, 0x0000000081d00000, 0x0000000081e00000|  0%| F|  |TAMS 0x0000000081d00000, 0x0000000081d00000| Untracked 
|  30|0x0000000081e00000, 0x0000000081e00000, 0x0000000081f00000|  0%| F|  |TAMS 0x0000000081e00000, 0x0000000081e00000| Untracked 
|  31|0x0000000081f00000, 0x0000000081f00000, 0x0000000082000000|  0%| F|  |TAMS 0x0000000081f00000, 0x0000000081f00000| Untracked 
|  32|0x0000000082000000, 0x0000000082000000, 0x0000000082100000|  0%| F|  |TAMS 0x0000000082000000, 0x0000000082000000| Untracked 
|  33|0x0000000082100000, 0x0000000082100000, 0x0000000082200000|  0%| F|  |TAMS 0x0000000082100000, 0x0000000082100000| Untracked 
|  34|0x0000000082200000, 0x0000000082200000, 0x0000000082300000|  0%| F|  |TAMS 0x0000000082200000, 0x0000000082200000| Untracked 
|  35|0x0000000082300000, 0x0000000082300000, 0x0000000082400000|  0%| F|  |TAMS 0x0000000082300000, 0x0000000082300000| Untracked 
|  36|0x0000000082400000, 0x0000000082400000, 0x0000000082500000|  0%| F|  |TAMS 0x0000000082400000, 0x0000000082400000| Untracked 
|  37|0x0000000082500000, 0x0000000082500000, 0x0000000082600000|  0%| F|  |TAMS 0x0000000082500000, 0x0000000082500000| Untracked 
|  38|0x0000000082600000, 0x0000000082600000, 0x0000000082700000|  0%| F|  |TAMS 0x0000000082600000, 0x0000000082600000| Untracked 
|  39|0x0000000082700000, 0x0000000082700000, 0x0000000082800000|  0%| F|  |TAMS 0x0000000082700000, 0x0000000082700000| Untracked 
|  40|0x0000000082800000, 0x0000000082800000, 0x0000000082900000|  0%| F|  |TAMS 0x0000000082800000, 0x0000000082800000| Untracked 
|  41|0x0000000082900000, 0x0000000082900000, 0x0000000082a00000|  0%| F|  |TAMS 0x0000000082900000, 0x0000000082900000| Untracked 
|  42|0x0000000082a00000, 0x0000000082a00000, 0x0000000082b00000|  0%| F|  |TAMS 0x0000000082a00000, 0x0000000082a00000| Untracked 
|  43|0x0000000082b00000, 0x0000000082b00000, 0x0000000082c00000|  0%| F|  |TAMS 0x0000000082b00000, 0x0000000082b00000| Untracked 
|  44|0x0000000082c00000, 0x0000000082c00000, 0x0000000082d00000|  0%| F|  |TAMS 0x0000000082c00000, 0x0000000082c00000| Untracked 
|  45|0x0000000082d00000, 0x0000000082d00000, 0x0000000082e00000|  0%| F|  |TAMS 0x0000000082d00000, 0x0000000082d00000| Untracked 
|  46|0x0000000082e00000, 0x0000000082e00000, 0x0000000082f00000|  0%| F|  |TAMS 0x0000000082e00000, 0x0000000082e00000| Untracked 
|  47|0x0000000082f00000, 0x0000000082f00000, 0x0000000083000000|  0%| F|  |TAMS 0x0000000082f00000, 0x0000000082f00000| Untracked 
|  48|0x0000000083000000, 0x0000000083000000, 0x0000000083100000|  0%| F|  |TAMS 0x0000000083000000, 0x0000000083000000| Untracked 
|  49|0x0000000083100000, 0x0000000083100000, 0x0000000083200000|  0%| F|  |TAMS 0x0000000083100000, 0x0000000083100000| Untracked 
|  50|0x0000000083200000, 0x0000000083200000, 0x0000000083300000|  0%| F|  |TAMS 0x0000000083200000, 0x0000000083200000| Untracked 
|  51|0x0000000083300000, 0x0000000083300000, 0x0000000083400000|  0%| F|  |TAMS 0x0000000083300000, 0x0000000083300000| Untracked 
|  52|0x0000000083400000, 0x0000000083400000, 0x0000000083500000|  0%| F|  |TAMS 0x0000000083400000, 0x0000000083400000| Untracked 
|  53|0x0000000083500000, 0x0000000083500000, 0x0000000083600000|  0%| F|  |TAMS 0x0000000083500000, 0x0000000083500000| Untracked 
|  54|0x0000000083600000, 0x0000000083600000, 0x0000000083700000|  0%| F|  |TAMS 0x0000000083600000, 0x0000000083600000| Untracked 
|  55|0x0000000083700000, 0x0000000083700000, 0x0000000083800000|  0%| F|  |TAMS 0x0000000083700000, 0x0000000083700000| Untracked 
|  56|0x0000000083800000, 0x0000000083800000, 0x0000000083900000|  0%| F|  |TAMS 0x0000000083800000, 0x0000000083800000| Untracked 
|  57|0x0000000083900000, 0x0000000083900000, 0x0000000083a00000|  0%| F|  |TAMS 0x0000000083900000, 0x0000000083900000| Untracked 
|  58|0x0000000083a00000, 0x0000000083a00000, 0x0000000083b00000|  0%| F|  |TAMS 0x0000000083a00000, 0x0000000083a00000| Untracked 
|  59|0x0000000083b00000, 0x0000000083b00000, 0x0000000083c00000|  0%| F|  |TAMS 0x0000000083b00000, 0x0000000083b00000| Untracked 
|  60|0x0000000083c00000, 0x0000000083c00000, 0x0000000083d00000|  0%| F|  |TAMS 0x0000000083c00000, 0x0000000083c00000| Untracked 
|  61|0x0000000083d00000, 0x0000000083d00000, 0x0000000083e00000|  0%| F|  |TAMS 0x0000000083d00000, 0x0000000083d00000| Untracked 
|  62|0x0000000083e00000, 0x0000000083e00000, 0x0000000083f00000|  0%| F|  |TAMS 0x0000000083e00000, 0x0000000083e00000| Untracked 
|  63|0x0000000083f00000, 0x0000000083f00000, 0x0000000084000000|  0%| F|  |TAMS 0x0000000083f00000, 0x0000000083f00000| Untracked 
|  64|0x0000000084000000, 0x0000000084000000, 0x0000000084100000|  0%| F|  |TAMS 0x0000000084000000, 0x0000000084000000| Untracked 
|  65|0x0000000084100000, 0x0000000084100000, 0x0000000084200000|  0%| F|  |TAMS 0x0000000084100000, 0x0000000084100000| Untracked 
|  66|0x0000000084200000, 0x0000000084200000, 0x0000000084300000|  0%| F|  |TAMS 0x0000000084200000, 0x0000000084200000| Untracked 
|  67|0x0000000084300000, 0x0000000084300000, 0x0000000084400000|  0%| F|  |TAMS 0x0000000084300000, 0x0000000084300000| Untracked 
|  68|0x0000000084400000, 0x0000000084400000, 0x0000000084500000|  0%| F|  |TAMS 0x0000000084400000, 0x0000000084400000| Untracked 
|  69|0x0000000084500000, 0x0000000084500000, 0x0000000084600000|  0%| F|  |TAMS 0x0000000084500000, 0x0000000084500000| Untracked 
|  70|0x0000000084600000, 0x0000000084600000, 0x0000000084700000|  0%| F|  |TAMS 0x0000000084600000, 0x0000000084600000| Untracked 
|  71|0x0000000084700000, 0x0000000084700000, 0x0000000084800000|  0%| F|  |TAMS 0x0000000084700000, 0x0000000084700000| Untracked 
|  72|0x0000000084800000, 0x0000000084800000, 0x0000000084900000|  0%| F|  |TAMS 0x0000000084800000, 0x0000000084800000| Untracked 
|  73|0x0000000084900000, 0x0000000084900000, 0x0000000084a00000|  0%| F|  |TAMS 0x0000000084900000, 0x0000000084900000| Untracked 
|  74|0x0000000084a00000, 0x0000000084a00000, 0x0000000084b00000|  0%| F|  |TAMS 0x0000000084a00000, 0x0000000084a00000| Untracked 
|  75|0x0000000084b00000, 0x0000000084b00000, 0x0000000084c00000|  0%| F|  |TAMS 0x0000000084b00000, 0x0000000084b00000| Untracked 
|  76|0x0000000084c00000, 0x0000000084c00000, 0x0000000084d00000|  0%| F|  |TAMS 0x0000000084c00000, 0x0000000084c00000| Untracked 
|  77|0x0000000084d00000, 0x0000000084d00000, 0x0000000084e00000|  0%| F|  |TAMS 0x0000000084d00000, 0x0000000084d00000| Untracked 
|  78|0x0000000084e00000, 0x0000000084e00000, 0x0000000084f00000|  0%| F|  |TAMS 0x0000000084e00000, 0x0000000084e00000| Untracked 
|  79|0x0000000084f00000, 0x0000000084f00000, 0x0000000085000000|  0%| F|  |TAMS 0x0000000084f00000, 0x0000000084f00000| Untracked 
|  80|0x0000000085000000, 0x0000000085000000, 0x0000000085100000|  0%| F|  |TAMS 0x0000000085000000, 0x0000000085000000| Untracked 
|  81|0x0000000085100000, 0x0000000085100000, 0x0000000085200000|  0%| F|  |TAMS 0x0000000085100000, 0x0000000085100000| Untracked 
|  82|0x0000000085200000, 0x0000000085200000, 0x0000000085300000|  0%| F|  |TAMS 0x0000000085200000, 0x0000000085200000| Untracked 
|  83|0x0000000085300000, 0x0000000085300000, 0x0000000085400000|  0%| F|  |TAMS 0x0000000085300000, 0x0000000085300000| Untracked 
|  84|0x0000000085400000, 0x0000000085400000, 0x0000000085500000|  0%| F|  |TAMS 0x0000000085400000, 0x0000000085400000| Untracked 
|  85|0x0000000085500000, 0x0000000085500000, 0x0000000085600000|  0%| F|  |TAMS 0x0000000085500000, 0x0000000085500000| Untracked 
|  86|0x0000000085600000, 0x0000000085600000, 0x0000000085700000|  0%| F|  |TAMS 0x0000000085600000, 0x0000000085600000| Untracked 
|  87|0x0000000085700000, 0x0000000085700000, 0x0000000085800000|  0%| F|  |TAMS 0x0000000085700000, 0x0000000085700000| Untracked 
|  88|0x0000000085800000, 0x0000000085800000, 0x0000000085900000|  0%| F|  |TAMS 0x0000000085800000, 0x0000000085800000| Untracked 
|  89|0x0000000085900000, 0x0000000085900000, 0x0000000085a00000|  0%| F|  |TAMS 0x0000000085900000, 0x0000000085900000| Untracked 
|  90|0x0000000085a00000, 0x0000000085a00000, 0x0000000085b00000|  0%| F|  |TAMS 0x0000000085a00000, 0x0000000085a00000| Untracked 
|  91|0x0000000085b00000, 0x0000000085b00000, 0x0000000085c00000|  0%| F|  |TAMS 0x0000000085b00000, 0x0000000085b00000| Untracked 
|  92|0x0000000085c00000, 0x0000000085c00000, 0x0000000085d00000|  0%| F|  |TAMS 0x0000000085c00000, 0x0000000085c00000| Untracked 
|  93|0x0000000085d00000, 0x0000000085d00000, 0x0000000085e00000|  0%| F|  |TAMS 0x0000000085d00000, 0x0000000085d00000| Untracked 
|  94|0x0000000085e00000, 0x0000000085e00000, 0x0000000085f00000|  0%| F|  |TAMS 0x0000000085e00000, 0x0000000085e00000| Untracked 
|  95|0x0000000085f00000, 0x0000000085f00000, 0x0000000086000000|  0%| F|  |TAMS 0x0000000085f00000, 0x0000000085f00000| Untracked 
|  96|0x0000000086000000, 0x0000000086000000, 0x0000000086100000|  0%| F|  |TAMS 0x0000000086000000, 0x0000000086000000| Untracked 
|  97|0x0000000086100000, 0x0000000086100000, 0x0000000086200000|  0%| F|  |TAMS 0x0000000086100000, 0x0000000086100000| Untracked 
|  98|0x0000000086200000, 0x0000000086200000, 0x0000000086300000|  0%| F|  |TAMS 0x0000000086200000, 0x0000000086200000| Untracked 
|  99|0x0000000086300000, 0x0000000086300000, 0x0000000086400000|  0%| F|  |TAMS 0x0000000086300000, 0x0000000086300000| Untracked 
| 100|0x0000000086400000, 0x0000000086400000, 0x0000000086500000|  0%| F|  |TAMS 0x0000000086400000, 0x0000000086400000| Untracked 
| 101|0x0000000086500000, 0x0000000086500000, 0x0000000086600000|  0%| F|  |TAMS 0x0000000086500000, 0x0000000086500000| Untracked 
| 102|0x0000000086600000, 0x0000000086600000, 0x0000000086700000|  0%| F|  |TAMS 0x0000000086600000, 0x0000000086600000| Untracked 
| 103|0x0000000086700000, 0x0000000086700000, 0x0000000086800000|  0%| F|  |TAMS 0x0000000086700000, 0x0000000086700000| Untracked 
| 104|0x0000000086800000, 0x0000000086800000, 0x0000000086900000|  0%| F|  |TAMS 0x0000000086800000, 0x0000000086800000| Untracked 
| 105|0x0000000086900000, 0x0000000086900000, 0x0000000086a00000|  0%| F|  |TAMS 0x0000000086900000, 0x0000000086900000| Untracked 
| 106|0x0000000086a00000, 0x0000000086a00000, 0x0000000086b00000|  0%| F|  |TAMS 0x0000000086a00000, 0x0000000086a00000| Untracked 
| 107|0x0000000086b00000, 0x0000000086b00000, 0x0000000086c00000|  0%| F|  |TAMS 0x0000000086b00000, 0x0000000086b00000| Untracked 
| 108|0x0000000086c00000, 0x0000000086c00000, 0x0000000086d00000|  0%| F|  |TAMS 0x0000000086c00000, 0x0000000086c00000| Untracked 
| 109|0x0000000086d00000, 0x0000000086d00000, 0x0000000086e00000|  0%| F|  |TAMS 0x0000000086d00000, 0x0000000086d00000| Untracked 
| 110|0x0000000086e00000, 0x0000000086e00000, 0x0000000086f00000|  0%| F|  |TAMS 0x0000000086e00000, 0x0000000086e00000| Untracked 
| 111|0x0000000086f00000, 0x0000000086f00000, 0x0000000087000000|  0%| F|  |TAMS 0x0000000086f00000, 0x0000000086f00000| Untracked 
| 112|0x0000000087000000, 0x0000000087000000, 0x0000000087100000|  0%| F|  |TAMS 0x0000000087000000, 0x0000000087000000| Untracked 
| 113|0x0000000087100000, 0x0000000087100000, 0x0000000087200000|  0%| F|  |TAMS 0x0000000087100000, 0x0000000087100000| Untracked 
| 114|0x0000000087200000, 0x0000000087200000, 0x0000000087300000|  0%| F|  |TAMS 0x0000000087200000, 0x0000000087200000| Untracked 
| 115|0x0000000087300000, 0x0000000087300000, 0x0000000087400000|  0%| F|  |TAMS 0x0000000087300000, 0x0000000087300000| Untracked 
| 116|0x0000000087400000, 0x0000000087400000, 0x0000000087500000|  0%| F|  |TAMS 0x0000000087400000, 0x0000000087400000| Untracked 
| 117|0x0000000087500000, 0x0000000087500000, 0x0000000087600000|  0%| F|  |TAMS 0x0000000087500000, 0x0000000087500000| Untracked 
| 118|0x0000000087600000, 0x0000000087600000, 0x0000000087700000|  0%| F|  |TAMS 0x0000000087600000, 0x0000000087600000| Untracked 
| 119|0x0000000087700000, 0x0000000087700000, 0x0000000087800000|  0%| F|  |TAMS 0x0000000087700000, 0x0000000087700000| Untracked 
| 120|0x0000000087800000, 0x0000000087800000, 0x0000000087900000|  0%| F|  |TAMS 0x0000000087800000, 0x0000000087800000| Untracked 
| 121|0x0000000087900000, 0x0000000087900000, 0x0000000087a00000|  0%| F|  |TAMS 0x0000000087900000, 0x0000000087900000| Untracked 
| 122|0x0000000087a00000, 0x0000000087a00000, 0x0000000087b00000|  0%| F|  |TAMS 0x0000000087a00000, 0x0000000087a00000| Untracked 
| 123|0x0000000087b00000, 0x0000000087b00000, 0x0000000087c00000|  0%| F|  |TAMS 0x0000000087b00000, 0x0000000087b00000| Untracked 
| 124|0x0000000087c00000, 0x0000000087c00000, 0x0000000087d00000|  0%| F|  |TAMS 0x0000000087c00000, 0x0000000087c00000| Untracked 
| 125|0x0000000087d00000, 0x0000000087d00000, 0x0000000087e00000|  0%| F|  |TAMS 0x0000000087d00000, 0x0000000087d00000| Untracked 
| 126|0x0000000087e00000, 0x0000000087e00000, 0x0000000087f00000|  0%| F|  |TAMS 0x0000000087e00000, 0x0000000087e00000| Untracked 
| 127|0x0000000087f00000, 0x0000000087f00000, 0x0000000088000000|  0%| F|  |TAMS 0x0000000087f00000, 0x0000000087f00000| Untracked 
| 128|0x0000000088000000, 0x0000000088000000, 0x0000000088100000|  0%| F|  |TAMS 0x0000000088000000, 0x0000000088000000| Untracked 
| 129|0x0000000088100000, 0x0000000088100000, 0x0000000088200000|  0%| F|  |TAMS 0x0000000088100000, 0x0000000088100000| Untracked 
| 130|0x0000000088200000, 0x0000000088200000, 0x0000000088300000|  0%| F|  |TAMS 0x0000000088200000, 0x0000000088200000| Untracked 
| 131|0x0000000088300000, 0x0000000088300000, 0x0000000088400000|  0%| F|  |TAMS 0x0000000088300000, 0x0000000088300000| Untracked 
| 132|0x0000000088400000, 0x0000000088400000, 0x0000000088500000|  0%| F|  |TAMS 0x0000000088400000, 0x0000000088400000| Untracked 
| 133|0x0000000088500000, 0x0000000088500000, 0x0000000088600000|  0%| F|  |TAMS 0x0000000088500000, 0x0000000088500000| Untracked 
| 134|0x0000000088600000, 0x0000000088600000, 0x0000000088700000|  0%| F|  |TAMS 0x0000000088600000, 0x0000000088600000| Untracked 
| 135|0x0000000088700000, 0x0000000088700000, 0x0000000088800000|  0%| F|  |TAMS 0x0000000088700000, 0x0000000088700000| Untracked 
| 136|0x0000000088800000, 0x0000000088800000, 0x0000000088900000|  0%| F|  |TAMS 0x0000000088800000, 0x0000000088800000| Untracked 
| 137|0x0000000088900000, 0x0000000088900000, 0x0000000088a00000|  0%| F|  |TAMS 0x0000000088900000, 0x0000000088900000| Untracked 
| 138|0x0000000088a00000, 0x0000000088a00000, 0x0000000088b00000|  0%| F|  |TAMS 0x0000000088a00000, 0x0000000088a00000| Untracked 
| 139|0x0000000088b00000, 0x0000000088b00000, 0x0000000088c00000|  0%| F|  |TAMS 0x0000000088b00000, 0x0000000088b00000| Untracked 
| 140|0x0000000088c00000, 0x0000000088c00000, 0x0000000088d00000|  0%| F|  |TAMS 0x0000000088c00000, 0x0000000088c00000| Untracked 
| 141|0x0000000088d00000, 0x0000000088d00000, 0x0000000088e00000|  0%| F|  |TAMS 0x0000000088d00000, 0x0000000088d00000| Untracked 
| 142|0x0000000088e00000, 0x0000000088e00000, 0x0000000088f00000|  0%| F|  |TAMS 0x0000000088e00000, 0x0000000088e00000| Untracked 
| 143|0x0000000088f00000, 0x0000000088f00000, 0x0000000089000000|  0%| F|  |TAMS 0x0000000088f00000, 0x0000000088f00000| Untracked 
| 144|0x0000000089000000, 0x0000000089000000, 0x0000000089100000|  0%| F|  |TAMS 0x0000000089000000, 0x0000000089000000| Untracked 
| 145|0x0000000089100000, 0x0000000089100000, 0x0000000089200000|  0%| F|  |TAMS 0x0000000089100000, 0x0000000089100000| Untracked 
| 146|0x0000000089200000, 0x0000000089200000, 0x0000000089300000|  0%| F|  |TAMS 0x0000000089200000, 0x0000000089200000| Untracked 
| 147|0x0000000089300000, 0x0000000089300000, 0x0000000089400000|  0%| F|  |TAMS 0x0000000089300000, 0x0000000089300000| Untracked 
| 148|0x0000000089400000, 0x0000000089400000, 0x0000000089500000|  0%| F|  |TAMS 0x0000000089400000, 0x0000000089400000| Untracked 
| 149|0x0000000089500000, 0x0000000089500000, 0x0000000089600000|  0%| F|  |TAMS 0x0000000089500000, 0x0000000089500000| Untracked 
| 150|0x0000000089600000, 0x0000000089600000, 0x0000000089700000|  0%| F|  |TAMS 0x0000000089600000, 0x0000000089600000| Untracked 
| 151|0x0000000089700000, 0x0000000089700000, 0x0000000089800000|  0%| F|  |TAMS 0x0000000089700000, 0x0000000089700000| Untracked 
| 152|0x0000000089800000, 0x0000000089800000, 0x0000000089900000|  0%| F|  |TAMS 0x0000000089800000, 0x0000000089800000| Untracked 
| 153|0x0000000089900000, 0x0000000089900000, 0x0000000089a00000|  0%| F|  |TAMS 0x0000000089900000, 0x0000000089900000| Untracked 
| 154|0x0000000089a00000, 0x0000000089a00000, 0x0000000089b00000|  0%| F|  |TAMS 0x0000000089a00000, 0x0000000089a00000| Untracked 
| 155|0x0000000089b00000, 0x0000000089b00000, 0x0000000089c00000|  0%| F|  |TAMS 0x0000000089b00000, 0x0000000089b00000| Untracked 
| 156|0x0000000089c00000, 0x0000000089c00000, 0x0000000089d00000|  0%| F|  |TAMS 0x0000000089c00000, 0x0000000089c00000| Untracked 
| 157|0x0000000089d00000, 0x0000000089d00000, 0x0000000089e00000|  0%| F|  |TAMS 0x0000000089d00000, 0x0000000089d00000| Untracked 
| 158|0x0000000089e00000, 0x0000000089e00000, 0x0000000089f00000|  0%| F|  |TAMS 0x0000000089e00000, 0x0000000089e00000| Untracked 
| 159|0x0000000089f00000, 0x0000000089f00000, 0x000000008a000000|  0%| F|  |TAMS 0x0000000089f00000, 0x0000000089f00000| Untracked 
| 160|0x000000008a000000, 0x000000008a000000, 0x000000008a100000|  0%| F|  |TAMS 0x000000008a000000, 0x000000008a000000| Untracked 
| 161|0x000000008a100000, 0x000000008a100000, 0x000000008a200000|  0%| F|  |TAMS 0x000000008a100000, 0x000000008a100000| Untracked 
| 162|0x000000008a200000, 0x000000008a200000, 0x000000008a300000|  0%| F|  |TAMS 0x000000008a200000, 0x000000008a200000| Untracked 
| 163|0x000000008a300000, 0x000000008a300000, 0x000000008a400000|  0%| F|  |TAMS 0x000000008a300000, 0x000000008a300000| Untracked 
| 164|0x000000008a400000, 0x000000008a400000, 0x000000008a500000|  0%| F|  |TAMS 0x000000008a400000, 0x000000008a400000| Untracked 
| 165|0x000000008a500000, 0x000000008a500000, 0x000000008a600000|  0%| F|  |TAMS 0x000000008a500000, 0x000000008a500000| Untracked 
| 166|0x000000008a600000, 0x000000008a600000, 0x000000008a700000|  0%| F|  |TAMS 0x000000008a600000, 0x000000008a600000| Untracked 
| 167|0x000000008a700000, 0x000000008a700000, 0x000000008a800000|  0%| F|  |TAMS 0x000000008a700000, 0x000000008a700000| Untracked 
| 168|0x000000008a800000, 0x000000008a800000, 0x000000008a900000|  0%| F|  |TAMS 0x000000008a800000, 0x000000008a800000| Untracked 
| 169|0x000000008a900000, 0x000000008a900000, 0x000000008aa00000|  0%| F|  |TAMS 0x000000008a900000, 0x000000008a900000| Untracked 
| 170|0x000000008aa00000, 0x000000008aa00000, 0x000000008ab00000|  0%| F|  |TAMS 0x000000008aa00000, 0x000000008aa00000| Untracked 
| 171|0x000000008ab00000, 0x000000008ab00000, 0x000000008ac00000|  0%| F|  |TAMS 0x000000008ab00000, 0x000000008ab00000| Untracked 
| 172|0x000000008ac00000, 0x000000008ac00000, 0x000000008ad00000|  0%| F|  |TAMS 0x000000008ac00000, 0x000000008ac00000| Untracked 
| 173|0x000000008ad00000, 0x000000008ad00000, 0x000000008ae00000|  0%| F|  |TAMS 0x000000008ad00000, 0x000000008ad00000| Untracked 
| 174|0x000000008ae00000, 0x000000008ae00000, 0x000000008af00000|  0%| F|  |TAMS 0x000000008ae00000, 0x000000008ae00000| Untracked 
| 175|0x000000008af00000, 0x000000008af00000, 0x000000008b000000|  0%| F|  |TAMS 0x000000008af00000, 0x000000008af00000| Untracked 
| 176|0x000000008b000000, 0x000000008b000000, 0x000000008b100000|  0%| F|  |TAMS 0x000000008b000000, 0x000000008b000000| Untracked 
| 177|0x000000008b100000, 0x000000008b100000, 0x000000008b200000|  0%| F|  |TAMS 0x000000008b100000, 0x000000008b100000| Untracked 
| 178|0x000000008b200000, 0x000000008b200000, 0x000000008b300000|  0%| F|  |TAMS 0x000000008b200000, 0x000000008b200000| Untracked 
| 179|0x000000008b300000, 0x000000008b300000, 0x000000008b400000|  0%| F|  |TAMS 0x000000008b300000, 0x000000008b300000| Untracked 
| 180|0x000000008b400000, 0x000000008b400000, 0x000000008b500000|  0%| F|  |TAMS 0x000000008b400000, 0x000000008b400000| Untracked 
| 181|0x000000008b500000, 0x000000008b500000, 0x000000008b600000|  0%| F|  |TAMS 0x000000008b500000, 0x000000008b500000| Untracked 
| 182|0x000000008b600000, 0x000000008b600000, 0x000000008b700000|  0%| F|  |TAMS 0x000000008b600000, 0x000000008b600000| Untracked 
| 183|0x000000008b700000, 0x000000008b700000, 0x000000008b800000|  0%| F|  |TAMS 0x000000008b700000, 0x000000008b700000| Untracked 
| 184|0x000000008b800000, 0x000000008b800000, 0x000000008b900000|  0%| F|  |TAMS 0x000000008b800000, 0x000000008b800000| Untracked 
| 185|0x000000008b900000, 0x000000008b900000, 0x000000008ba00000|  0%| F|  |TAMS 0x000000008b900000, 0x000000008b900000| Untracked 
| 186|0x000000008ba00000, 0x000000008ba00000, 0x000000008bb00000|  0%| F|  |TAMS 0x000000008ba00000, 0x000000008ba00000| Untracked 
| 187|0x000000008bb00000, 0x000000008bb00000, 0x000000008bc00000|  0%| F|  |TAMS 0x000000008bb00000, 0x000000008bb00000| Untracked 
| 188|0x000000008bc00000, 0x000000008bc00000, 0x000000008bd00000|  0%| F|  |TAMS 0x000000008bc00000, 0x000000008bc00000| Untracked 
| 189|0x000000008bd00000, 0x000000008bd00000, 0x000000008be00000|  0%| F|  |TAMS 0x000000008bd00000, 0x000000008bd00000| Untracked 
| 190|0x000000008be00000, 0x000000008be00000, 0x000000008bf00000|  0%| F|  |TAMS 0x000000008be00000, 0x000000008be00000| Untracked 
| 191|0x000000008bf00000, 0x000000008bf00000, 0x000000008c000000|  0%| F|  |TAMS 0x000000008bf00000, 0x000000008bf00000| Untracked 
| 192|0x000000008c000000, 0x000000008c000000, 0x000000008c100000|  0%| F|  |TAMS 0x000000008c000000, 0x000000008c000000| Untracked 
| 193|0x000000008c100000, 0x000000008c100000, 0x000000008c200000|  0%| F|  |TAMS 0x000000008c100000, 0x000000008c100000| Untracked 
| 194|0x000000008c200000, 0x000000008c200000, 0x000000008c300000|  0%| F|  |TAMS 0x000000008c200000, 0x000000008c200000| Untracked 
| 195|0x000000008c300000, 0x000000008c300000, 0x000000008c400000|  0%| F|  |TAMS 0x000000008c300000, 0x000000008c300000| Untracked 
| 196|0x000000008c400000, 0x000000008c400000, 0x000000008c500000|  0%| F|  |TAMS 0x000000008c400000, 0x000000008c400000| Untracked 
| 197|0x000000008c500000, 0x000000008c52a8f0, 0x000000008c600000| 16%| S|CS|TAMS 0x000000008c500000, 0x000000008c500000| Complete 
| 198|0x000000008c600000, 0x000000008c700000, 0x000000008c700000|100%| S|CS|TAMS 0x000000008c600000, 0x000000008c600000| Complete 
| 199|0x000000008c700000, 0x000000008c800000, 0x000000008c800000|100%| S|CS|TAMS 0x000000008c700000, 0x000000008c700000| Complete 
| 200|0x000000008c800000, 0x000000008c900000, 0x000000008c900000|100%| S|CS|TAMS 0x000000008c800000, 0x000000008c800000| Complete 
| 201|0x000000008c900000, 0x000000008ca00000, 0x000000008ca00000|100%| S|CS|TAMS 0x000000008c900000, 0x000000008c900000| Complete 
| 202|0x000000008ca00000, 0x000000008cb00000, 0x000000008cb00000|100%| S|CS|TAMS 0x000000008ca00000, 0x000000008ca00000| Complete 
| 203|0x000000008cb00000, 0x000000008cc00000, 0x000000008cc00000|100%| S|CS|TAMS 0x000000008cb00000, 0x000000008cb00000| Complete 
| 204|0x000000008cc00000, 0x000000008cc00000, 0x000000008cd00000|  0%| F|  |TAMS 0x000000008cc00000, 0x000000008cc00000| Untracked 
| 205|0x000000008cd00000, 0x000000008cd00000, 0x000000008ce00000|  0%| F|  |TAMS 0x000000008cd00000, 0x000000008cd00000| Untracked 
| 206|0x000000008ce00000, 0x000000008ce00000, 0x000000008cf00000|  0%| F|  |TAMS 0x000000008ce00000, 0x000000008ce00000| Untracked 
| 207|0x000000008cf00000, 0x000000008cf00000, 0x000000008d000000|  0%| F|  |TAMS 0x000000008cf00000, 0x000000008cf00000| Untracked 
| 208|0x000000008d000000, 0x000000008d000000, 0x000000008d100000|  0%| F|  |TAMS 0x000000008d000000, 0x000000008d000000| Untracked 
| 209|0x000000008d100000, 0x000000008d100000, 0x000000008d200000|  0%| F|  |TAMS 0x000000008d100000, 0x000000008d100000| Untracked 
| 210|0x000000008d200000, 0x000000008d200000, 0x000000008d300000|  0%| F|  |TAMS 0x000000008d200000, 0x000000008d200000| Untracked 
| 211|0x000000008d300000, 0x000000008d300000, 0x000000008d400000|  0%| F|  |TAMS 0x000000008d300000, 0x000000008d300000| Untracked 
| 212|0x000000008d400000, 0x000000008d400000, 0x000000008d500000|  0%| F|  |TAMS 0x000000008d400000, 0x000000008d400000| Untracked 
| 213|0x000000008d500000, 0x000000008d500000, 0x000000008d600000|  0%| F|  |TAMS 0x000000008d500000, 0x000000008d500000| Untracked 
| 214|0x000000008d600000, 0x000000008d600000, 0x000000008d700000|  0%| F|  |TAMS 0x000000008d600000, 0x000000008d600000| Untracked 
| 215|0x000000008d700000, 0x000000008d700000, 0x000000008d800000|  0%| F|  |TAMS 0x000000008d700000, 0x000000008d700000| Untracked 
| 216|0x000000008d800000, 0x000000008d800000, 0x000000008d900000|  0%| F|  |TAMS 0x000000008d800000, 0x000000008d800000| Untracked 
| 217|0x000000008d900000, 0x000000008d900000, 0x000000008da00000|  0%| F|  |TAMS 0x000000008d900000, 0x000000008d900000| Untracked 
| 218|0x000000008da00000, 0x000000008da00000, 0x000000008db00000|  0%| F|  |TAMS 0x000000008da00000, 0x000000008da00000| Untracked 
| 219|0x000000008db00000, 0x000000008db00000, 0x000000008dc00000|  0%| F|  |TAMS 0x000000008db00000, 0x000000008db00000| Untracked 
| 220|0x000000008dc00000, 0x000000008dc00000, 0x000000008dd00000|  0%| F|  |TAMS 0x000000008dc00000, 0x000000008dc00000| Untracked 
| 221|0x000000008dd00000, 0x000000008dd00000, 0x000000008de00000|  0%| F|  |TAMS 0x000000008dd00000, 0x000000008dd00000| Untracked 
| 222|0x000000008de00000, 0x000000008de00000, 0x000000008df00000|  0%| F|  |TAMS 0x000000008de00000, 0x000000008de00000| Untracked 
| 223|0x000000008df00000, 0x000000008df53c80, 0x000000008e000000| 32%| E|  |TAMS 0x000000008df00000, 0x000000008df00000| Complete 
| 224|0x000000008e000000, 0x000000008e100000, 0x000000008e100000|100%| E|CS|TAMS 0x000000008e000000, 0x000000008e000000| Complete 
| 225|0x000000008e100000, 0x000000008e200000, 0x000000008e200000|100%| E|CS|TAMS 0x000000008e100000, 0x000000008e100000| Complete 
| 226|0x000000008e200000, 0x000000008e300000, 0x000000008e300000|100%| E|CS|TAMS 0x000000008e200000, 0x000000008e200000| Complete 
| 227|0x000000008e300000, 0x000000008e400000, 0x000000008e400000|100%| E|CS|TAMS 0x000000008e300000, 0x000000008e300000| Complete 
| 228|0x000000008e400000, 0x000000008e500000, 0x000000008e500000|100%| E|CS|TAMS 0x000000008e400000, 0x000000008e400000| Complete 
| 229|0x000000008e500000, 0x000000008e600000, 0x000000008e600000|100%| E|CS|TAMS 0x000000008e500000, 0x000000008e500000| Complete 
| 230|0x000000008e600000, 0x000000008e700000, 0x000000008e700000|100%| E|CS|TAMS 0x000000008e600000, 0x000000008e600000| Complete 
| 231|0x000000008e700000, 0x000000008e800000, 0x000000008e800000|100%| E|CS|TAMS 0x000000008e700000, 0x000000008e700000| Complete 
| 232|0x000000008e800000, 0x000000008e900000, 0x000000008e900000|100%| E|CS|TAMS 0x000000008e800000, 0x000000008e800000| Complete 
| 233|0x000000008e900000, 0x000000008ea00000, 0x000000008ea00000|100%| E|CS|TAMS 0x000000008e900000, 0x000000008e900000| Complete 
| 234|0x000000008ea00000, 0x000000008eb00000, 0x000000008eb00000|100%| E|CS|TAMS 0x000000008ea00000, 0x000000008ea00000| Complete 
| 235|0x000000008eb00000, 0x000000008ec00000, 0x000000008ec00000|100%| E|CS|TAMS 0x000000008eb00000, 0x000000008eb00000| Complete 
| 236|0x000000008ec00000, 0x000000008ed00000, 0x000000008ed00000|100%| E|CS|TAMS 0x000000008ec00000, 0x000000008ec00000| Complete 
| 237|0x000000008ed00000, 0x000000008ee00000, 0x000000008ee00000|100%| E|CS|TAMS 0x000000008ed00000, 0x000000008ed00000| Complete 
| 238|0x000000008ee00000, 0x000000008ef00000, 0x000000008ef00000|100%| E|CS|TAMS 0x000000008ee00000, 0x000000008ee00000| Complete 
| 239|0x000000008ef00000, 0x000000008f000000, 0x000000008f000000|100%| E|CS|TAMS 0x000000008ef00000, 0x000000008ef00000| Complete 
| 240|0x000000008f000000, 0x000000008f100000, 0x000000008f100000|100%| E|CS|TAMS 0x000000008f000000, 0x000000008f000000| Complete 
| 241|0x000000008f100000, 0x000000008f200000, 0x000000008f200000|100%| E|CS|TAMS 0x000000008f100000, 0x000000008f100000| Complete 
| 242|0x000000008f200000, 0x000000008f300000, 0x000000008f300000|100%| E|CS|TAMS 0x000000008f200000, 0x000000008f200000| Complete 
| 243|0x000000008f300000, 0x000000008f400000, 0x000000008f400000|100%| E|CS|TAMS 0x000000008f300000, 0x000000008f300000| Complete 
| 244|0x000000008f400000, 0x000000008f500000, 0x000000008f500000|100%| E|CS|TAMS 0x000000008f400000, 0x000000008f400000| Complete 
| 245|0x000000008f500000, 0x000000008f600000, 0x000000008f600000|100%| E|CS|TAMS 0x000000008f500000, 0x000000008f500000| Complete 
| 246|0x000000008f600000, 0x000000008f700000, 0x000000008f700000|100%| E|CS|TAMS 0x000000008f600000, 0x000000008f600000| Complete 
| 247|0x000000008f700000, 0x000000008f800000, 0x000000008f800000|100%| E|CS|TAMS 0x000000008f700000, 0x000000008f700000| Complete 
| 248|0x000000008f800000, 0x000000008f900000, 0x000000008f900000|100%| E|CS|TAMS 0x000000008f800000, 0x000000008f800000| Complete 
| 249|0x000000008f900000, 0x000000008fa00000, 0x000000008fa00000|100%| E|CS|TAMS 0x000000008f900000, 0x000000008f900000| Complete 
| 250|0x000000008fa00000, 0x000000008fb00000, 0x000000008fb00000|100%| E|  |TAMS 0x000000008fa00000, 0x000000008fa00000| Complete 
| 251|0x000000008fb00000, 0x000000008fc00000, 0x000000008fc00000|100%| E|CS|TAMS 0x000000008fb00000, 0x000000008fb00000| Complete 
| 252|0x000000008fc00000, 0x000000008fd00000, 0x000000008fd00000|100%| E|CS|TAMS 0x000000008fc00000, 0x000000008fc00000| Complete 
| 253|0x000000008fd00000, 0x000000008fe00000, 0x000000008fe00000|100%| E|CS|TAMS 0x000000008fd00000, 0x000000008fd00000| Complete 
| 254|0x000000008fe00000, 0x000000008ff00000, 0x000000008ff00000|100%| E|CS|TAMS 0x000000008fe00000, 0x000000008fe00000| Complete 
| 255|0x000000008ff00000, 0x0000000090000000, 0x0000000090000000|100%| E|CS|TAMS 0x000000008ff00000, 0x000000008ff00000| Complete 

Card table byte_map: [0x000002af1bfe0000,0x000002af1c3e0000] _byte_map_base: 0x000002af1bbe0000

Marking Bits (Prev, Next): (CMBitMap*) 0x000002af08abd008, (CMBitMap*) 0x000002af08abd040
 Prev Bits: [0x000002af1c7e0000, 0x000002af1e7e0000)
 Next Bits: [0x000002af1e7e0000, 0x000002af207e0000)

Polling page: 0x000002af08b60000

Metaspace:

Usage:
  Non-class:     32.55 MB capacity,    32.03 MB ( 98%) used,   459.61 KB (  1%) free+waste,    82.69 KB ( <1%) overhead. 
      Class:      5.08 MB capacity,     4.75 MB ( 93%) used,   298.10 KB (  6%) free+waste,    39.75 KB ( <1%) overhead. 
       Both:     37.63 MB capacity,    36.77 MB ( 98%) used,   757.71 KB (  2%) free+waste,   122.44 KB ( <1%) overhead. 

Virtual space:
  Non-class space:       34.00 MB reserved,      32.75 MB ( 96%) committed 
      Class space:        1.00 GB reserved,       5.13 MB ( <1%) committed 
             Both:        1.03 GB reserved,      37.88 MB (  4%) committed 

Chunk freelists:
   Non-Class:  8.00 KB
       Class:  19.00 KB
        Both:  27.00 KB

MaxMetaspaceSize: 17179869184.00 GB
CompressedClassSpaceSize: 1.00 GB
Initial GC threshold: 20.80 MB
Current GC threshold: 58.54 MB
CDS: off

CodeHeap 'non-profiled nmethods': size=120064Kb used=1847Kb max_used=1847Kb free=118216Kb
 bounds [0x000002af14070000, 0x000002af142e0000, 0x000002af1b5b0000]
CodeHeap 'profiled nmethods': size=120000Kb used=6774Kb max_used=6774Kb free=113225Kb
 bounds [0x000002af0cb40000, 0x000002af0d1e0000, 0x000002af14070000]
CodeHeap 'non-nmethods': size=5696Kb used=1588Kb max_used=1631Kb free=4107Kb
 bounds [0x000002af0c5b0000, 0x000002af0c820000, 0x000002af0cb40000]
 total_blobs=3893 nmethods=3272 adapters=533
 compilation: enabled
              stopped_count=0, restarted_count=0
 full_count=0

Compilation events (20 events):
Event: 14.157 Thread 0x000002af236fa800 nmethod 3267 0x000002af1423a990 code [0x000002af1423ab40, 0x000002af1423abf8]
Event: 14.172 Thread 0x000002af236fa800 3269       3       jdk.internal.org.objectweb.asm.MethodVisitor::visitMethodInsn (68 bytes)
Event: 14.172 Thread 0x000002af236fa800 nmethod 3269 0x000002af0d1db610 code [0x000002af0d1db800, 0x000002af0d1dbc48]
Event: 14.205 Thread 0x000002af26f4a800 nmethod 3266 0x000002af1423ac90 code [0x000002af1423aec0, 0x000002af1423c3f0]
Event: 14.205 Thread 0x000002af26f4a800 3268       4       java.io.InputStream::<init> (5 bytes)
Event: 14.205 Thread 0x000002af26f4a800 nmethod 3268 0x000002af1423ce10 code [0x000002af1423cfa0, 0x000002af1423cff8]
Event: 14.270 Thread 0x000002af236fa800 3270       3       java.lang.invoke.MethodHandles$Lookup::resolveOrFail (48 bytes)
Event: 14.271 Thread 0x000002af236fa800 nmethod 3270 0x000002af0d1dbd90 code [0x000002af0d1dc000, 0x000002af0d1dc7d8]
Event: 14.342 Thread 0x000002af236fa800 3271       1       sun.util.calendar.CalendarDate::isNormalized (5 bytes)
Event: 14.342 Thread 0x000002af236fa800 nmethod 3271 0x000002af1423d110 code [0x000002af1423d2c0, 0x000002af1423d378]
Event: 14.342 Thread 0x000002af236fa800 3272       1       sun.util.calendar.CalendarDate::getMonth (5 bytes)
Event: 14.342 Thread 0x000002af236fa800 nmethod 3272 0x000002af1423d410 code [0x000002af1423d5c0, 0x000002af1423d678]
Event: 14.342 Thread 0x000002af236fa800 3273       1       sun.util.calendar.CalendarDate::getDayOfMonth (5 bytes)
Event: 14.342 Thread 0x000002af236fa800 nmethod 3273 0x000002af1423d710 code [0x000002af1423d8c0, 0x000002af1423d978]
Event: 14.342 Thread 0x000002af236fa800 3274       1       sun.util.calendar.BaseCalendar$Date::getCachedJan1 (5 bytes)
Event: 14.342 Thread 0x000002af236fa800 nmethod 3274 0x000002af1423da10 code [0x000002af1423dbc0, 0x000002af1423dc78]
Event: 14.350 Thread 0x000002af236fa800 3276       3       jdk.internal.org.objectweb.asm.FieldVisitor::<init> (35 bytes)
Event: 14.351 Thread 0x000002af236fa800 nmethod 3276 0x000002af0d1dcb10 code [0x000002af0d1dcce0, 0x000002af0d1dcfc8]
Event: 14.351 Thread 0x000002af236fa800 3277       3       jdk.internal.org.objectweb.asm.FieldWriter::visitEnd (1 bytes)
Event: 14.351 Thread 0x000002af236fa800 nmethod 3277 0x000002af0d1dd110 code [0x000002af0d1dd2c0, 0x000002af0d1dd3b8]

GC Heap History (14 events):
Event: 1.425 GC heap before
{Heap before GC invocations=0 (full 0):
 garbage-first heap   total 262144K, used 17408K [0x0000000080000000, 0x0000000100000000)
  region size 1024K, 14 young (14336K), 0 survivors (0K)
 Metaspace       used 6792K, capacity 6989K, committed 7168K, reserved 1056768K
  class space    used 584K, capacity 650K, committed 768K, reserved 1048576K
}
Event: 1.438 GC heap after
{Heap after GC invocations=1 (full 0):
 garbage-first heap   total 262144K, used 4223K [0x0000000080000000, 0x0000000100000000)
  region size 1024K, 2 young (2048K), 2 survivors (2048K)
 Metaspace       used 6792K, capacity 6989K, committed 7168K, reserved 1056768K
  class space    used 584K, capacity 650K, committed 768K, reserved 1048576K
}
Event: 1.991 GC heap before
{Heap before GC invocations=1 (full 0):
 garbage-first heap   total 262144K, used 19583K [0x0000000080000000, 0x0000000100000000)
  region size 1024K, 14 young (14336K), 2 survivors (2048K)
 Metaspace       used 9912K, capacity 10118K, committed 10368K, reserved 1058816K
  class space    used 1029K, capacity 1102K, committed 1152K, reserved 1048576K
}
Event: 1.995 GC heap after
{Heap after GC invocations=2 (full 0):
 garbage-first heap   total 262144K, used 9381K [0x0000000080000000, 0x0000000100000000)
  region size 1024K, 2 young (2048K), 2 survivors (2048K)
 Metaspace       used 9912K, capacity 10118K, committed 10368K, reserved 1058816K
  class space    used 1029K, capacity 1102K, committed 1152K, reserved 1048576K
}
Event: 2.892 GC heap before
{Heap before GC invocations=2 (full 0):
 garbage-first heap   total 262144K, used 40101K [0x0000000080000000, 0x0000000100000000)
  region size 1024K, 31 young (31744K), 2 survivors (2048K)
 Metaspace       used 10893K, capacity 11073K, committed 11264K, reserved 1058816K
  class space    used 1132K, capacity 1207K, committed 1280K, reserved 1048576K
}
Event: 2.897 GC heap after
{Heap after GC invocations=3 (full 0):
 garbage-first heap   total 262144K, used 11928K [0x0000000080000000, 0x0000000100000000)
  region size 1024K, 4 young (4096K), 4 survivors (4096K)
 Metaspace       used 10893K, capacity 11073K, committed 11264K, reserved 1058816K
  class space    used 1132K, capacity 1207K, committed 1280K, reserved 1048576K
}
Event: 7.762 GC heap before
{Heap before GC invocations=3 (full 0):
 garbage-first heap   total 262144K, used 54936K [0x0000000080000000, 0x0000000100000000)
  region size 1024K, 47 young (48128K), 4 survivors (4096K)
 Metaspace       used 17674K, capacity 18035K, committed 18176K, reserved 1064960K
  class space    used 2086K, capacity 2209K, committed 2304K, reserved 1048576K
}
Event: 7.774 GC heap after
{Heap after GC invocations=4 (full 0):
 garbage-first heap   total 262144K, used 15867K [0x0000000080000000, 0x0000000100000000)
  region size 1024K, 6 young (6144K), 6 survivors (6144K)
 Metaspace       used 17674K, capacity 18035K, committed 18176K, reserved 1064960K
  class space    used 2086K, capacity 2209K, committed 2304K, reserved 1048576K
}
Event: 8.326 GC heap before
{Heap before GC invocations=4 (full 0):
 garbage-first heap   total 262144K, used 43515K [0x0000000080000000, 0x0000000100000000)
  region size 1024K, 34 young (34816K), 6 survivors (6144K)
 Metaspace       used 20695K, capacity 21135K, committed 21248K, reserved 1067008K
  class space    used 2540K, capacity 2710K, committed 2816K, reserved 1048576K
}
Event: 8.336 GC heap after
{Heap after GC invocations=5 (full 0):
 garbage-first heap   total 262144K, used 16891K [0x0000000080000000, 0x0000000100000000)
  region size 1024K, 7 young (7168K), 7 survivors (7168K)
 Metaspace       used 20695K, capacity 21135K, committed 21248K, reserved 1067008K
  class space    used 2540K, capacity 2710K, committed 2816K, reserved 1048576K
}
Event: 9.981 GC heap before
{Heap before GC invocations=6 (full 0):
 garbage-first heap   total 262144K, used 76283K [0x0000000080000000, 0x0000000100000000)
  region size 1024K, 65 young (66560K), 7 survivors (7168K)
 Metaspace       used 26942K, capacity 27496K, committed 27648K, reserved 1073152K
  class space    used 3515K, capacity 3734K, committed 3840K, reserved 1048576K
}
Event: 9.996 GC heap after
{Heap after GC invocations=7 (full 0):
 garbage-first heap   total 262144K, used 19245K [0x0000000080000000, 0x0000000100000000)
  region size 1024K, 4 young (4096K), 4 survivors (4096K)
 Metaspace       used 26942K, capacity 27496K, committed 27648K, reserved 1073152K
  class space    used 3515K, capacity 3734K, committed 3840K, reserved 1048576K
}
Event: 12.809 GC heap before
{Heap before GC invocations=7 (full 0):
 garbage-first heap   total 262144K, used 71469K [0x0000000080000000, 0x0000000100000000)
  region size 1024K, 56 young (57344K), 4 survivors (4096K)
 Metaspace       used 34943K, capacity 35787K, committed 35840K, reserved 1081344K
  class space    used 4531K, capacity 4839K, committed 4864K, reserved 1048576K
}
Event: 12.830 GC heap after
{Heap after GC invocations=8 (full 0):
 garbage-first heap   total 262144K, used 22018K [0x0000000080000000, 0x0000000100000000)
  region size 1024K, 7 young (7168K), 7 survivors (7168K)
 Metaspace       used 34943K, capacity 35787K, committed 35840K, reserved 1081344K
  class space    used 4531K, capacity 4839K, committed 4864K, reserved 1048576K
}

Deoptimization events (20 events):
Event: 13.831 Thread 0x000002af25a08000 Uncommon trap: trap_request=0xffffffc6 fr.pc=0x000002af1422a974 relative=0x0000000000000a74
Event: 13.831 Thread 0x000002af25a08000 Uncommon trap: reason=bimorphic_or_optimized_type_check action=maybe_recompile pc=0x000002af1422a974 method=java.util.stream.Sink$ChainedReference.cancellationRequested()Z @ 4 c2
Event: 13.831 Thread 0x000002af25a08000 DEOPT PACKING pc=0x000002af1422a974 sp=0x000000d4a48fedd0
Event: 13.832 Thread 0x000002af25a08000 DEOPT UNPACKING pc=0x000002af0c5fa1af sp=0x000000d4a48febd8 mode 2
Event: 13.832 Thread 0x000002af25a08000 Uncommon trap: trap_request=0xffffffc6 fr.pc=0x000002af142228d0 relative=0x0000000000000090
Event: 13.832 Thread 0x000002af25a08000 Uncommon trap: reason=bimorphic_or_optimized_type_check action=maybe_recompile pc=0x000002af142228d0 method=java.util.stream.Sink$ChainedReference.cancellationRequested()Z @ 4 c2
Event: 13.832 Thread 0x000002af25a08000 DEOPT PACKING pc=0x000002af142228d0 sp=0x000000d4a48fec40
Event: 13.832 Thread 0x000002af25a08000 DEOPT UNPACKING pc=0x000002af0c5fa1af sp=0x000000d4a48febd0 mode 2
Event: 13.832 Thread 0x000002af25a08000 Uncommon trap: trap_request=0xffffffc6 fr.pc=0x000002af142228d0 relative=0x0000000000000090
Event: 13.832 Thread 0x000002af25a08000 Uncommon trap: reason=bimorphic_or_optimized_type_check action=maybe_recompile pc=0x000002af142228d0 method=java.util.stream.Sink$ChainedReference.cancellationRequested()Z @ 4 c2
Event: 13.832 Thread 0x000002af25a08000 DEOPT PACKING pc=0x000002af142228d0 sp=0x000000d4a48fec40
Event: 13.832 Thread 0x000002af25a08000 DEOPT UNPACKING pc=0x000002af0c5fa1af sp=0x000000d4a48febd0 mode 2
Event: 13.832 Thread 0x000002af25a08000 Uncommon trap: trap_request=0xffffffc6 fr.pc=0x000002af142228d0 relative=0x0000000000000090
Event: 13.832 Thread 0x000002af25a08000 Uncommon trap: reason=bimorphic_or_optimized_type_check action=maybe_recompile pc=0x000002af142228d0 method=java.util.stream.Sink$ChainedReference.cancellationRequested()Z @ 4 c2
Event: 13.832 Thread 0x000002af25a08000 DEOPT PACKING pc=0x000002af142228d0 sp=0x000000d4a48fec40
Event: 13.832 Thread 0x000002af25a08000 DEOPT UNPACKING pc=0x000002af0c5fa1af sp=0x000000d4a48febd0 mode 2
Event: 13.867 Thread 0x000002af25be9000 Uncommon trap: trap_request=0xffffffbe fr.pc=0x000002af141fd054 relative=0x0000000000003c34
Event: 13.867 Thread 0x000002af25be9000 Uncommon trap: reason=profile_predicate action=maybe_recompile pc=0x000002af141fd054 method=java.util.AbstractCollection.addAll(Ljava/util/Collection;)Z @ 15 c2
Event: 13.867 Thread 0x000002af25be9000 DEOPT PACKING pc=0x000002af141fd054 sp=0x000000d4a4dfaa40
Event: 13.867 Thread 0x000002af25be9000 DEOPT UNPACKING pc=0x000002af0c5fa1af sp=0x000000d4a4dfaa58 mode 2

Classes redefined (0 events):
No events

Internal exceptions (20 events):
Event: 10.957 Thread 0x000002af25be9000 Exception <a 'java/lang/NoSuchMethodError'{0x000000008e6a1aa8}: 'java.lang.Object java.lang.invoke.Invokers$Holder.linkToTargetMethod(java.lang.Object, java.lang.Object, java.lang.Object, java.lang.Object, java.lang.Object, java.lang.Object, java.lang.Object)'> (0x000000008e6a1aa8) thrown at [./src/hotspot/share/interpreter/linkResolver.cpp, line 773]
Event: 10.963 Thread 0x000002af25be9000 Exception <a 'java/lang/IncompatibleClassChangeError'{0x000000008e6e0508}: Found class java.lang.Object, but interface was expected> (0x000000008e6e0508) thrown at [./src/hotspot/share/interpreter/linkResolver.cpp, line 839]
Event: 11.802 Thread 0x000002af25be9000 Exception <a 'java/lang/NoSuchMethodError'{0x000000008d26dd70}: 'void java.lang.invoke.DirectMethodHandle$Holder.invokeStaticInit(java.lang.Object, java.lang.Object, java.lang.Object)'> (0x000000008d26dd70) thrown at [./src/hotspot/share/interpreter/linkResolver.cpp, line 773]
Event: 11.803 Thread 0x000002af25be9000 Exception <a 'java/lang/NoSuchMethodError'{0x000000008d274fc8}: 'void java.lang.invoke.DirectMethodHandle$Holder.invokeStaticInit(java.lang.Object, java.lang.Object, java.lang.Object, java.lang.Object)'> (0x000000008d274fc8) thrown at [./src/hotspot/share/interpreter/linkResolver.cpp, line 773]
Event: 11.810 Thread 0x000002af25be9000 Exception <a 'java/lang/NoSuchMethodError'{0x000000008d297f78}: 'void java.lang.invoke.DirectMethodHandle$Holder.invokeStaticInit(java.lang.Object, java.lang.Object, java.lang.Object, java.lang.Object, java.lang.Object)'> (0x000000008d297f78) thrown at [./src/hotspot/share/interpreter/linkResolver.cpp, line 773]
Event: 12.356 Thread 0x000002af25be9000 Exception <a 'java/lang/NoSuchMethodError'{0x000000008d2f6700}: 'int java.lang.invoke.DirectMethodHandle$Holder.invokeStaticInit(java.lang.Object, java.lang.Object, java.lang.Object, java.lang.Object)'> (0x000000008d2f6700) thrown at [./src/hotspot/share/interpreter/linkResolver.cpp, line 773]
Event: 13.094 Thread 0x000002af25be9000 Exception <a 'java/lang/NoSuchMethodError'{0x000000008fd2ffa8}: 'java.lang.Object java.lang.invoke.DirectMethodHandle$Holder.invokeStatic(java.lang.Object, java.lang.Object, java.lang.Object, java.lang.Object, java.lang.Object, java.lang.Object, java.lang.Object, java.lang.Object, java.lang.Object, java.lang.Object, java.lang.Object, int)'> (0x000000008fd2ffa8) thrown at [./src/hotspot/share/interpreter/linkResolver.cpp, line 773]
Event: 13.096 Thread 0x000002af25be9000 Exception <a 'java/lang/NoSuchMethodError'{0x000000008fd4e948}: 'java.lang.Object java.lang.invoke.DirectMethodHandle$Holder.invokeStatic(java.lang.Object, java.lang.Object, java.lang.Object, java.lang.Object, java.lang.Object, java.lang.Object, java.lang.Object, java.lang.Object, java.lang.Object, java.lang.Object, java.lang.Object, int, int)'> (0x000000008fd4e948) thrown at [./src/hotspot/share/interpreter/linkResolver.cpp, line 773]
Event: 13.098 Thread 0x000002af25be9000 Exception <a 'java/lang/NoSuchMethodError'{0x000000008fd6e178}: 'java.lang.Object java.lang.invoke.DirectMethodHandle$Holder.invokeStatic(java.lang.Object, java.lang.Object, java.lang.Object, java.lang.Object, java.lang.Object, java.lang.Object, java.lang.Object, java.lang.Object, java.lang.Object, java.lang.Object, java.lang.Object, int, int, java.lang.Object)'> (0x000000008fd6e178) thrown at [./src/hotspot/share/interpreter/linkResolver.cpp, line 773]
Event: 13.101 Thread 0x000002af25be9000 Exception <a 'java/lang/NoSuchMethodError'{0x000000008fd8f4d8}: 'java.lang.Object java.lang.invoke.DirectMethodHandle$Holder.invokeStatic(java.lang.Object, java.lang.Object, java.lang.Object, java.lang.Object, java.lang.Object, java.lang.Object, java.lang.Object, java.lang.Object, java.lang.Object, java.lang.Object, java.lang.Object, int, int, java.lang.Object, java.lang.Object)'> (0x000000008fd8f4d8) thrown at [./src/hotspot/share/interpreter/linkResolver.cpp, line 773]
Event: 13.106 Thread 0x000002af25be9000 Exception <a 'java/lang/ClassNotFoundException'{0x000000008fdbf158}: groovy/lang/ExpandoMetaClassBeanInfo> (0x000000008fdbf158) thrown at [./src/hotspot/share/classfile/systemDictionary.cpp, line 231]
Event: 13.107 Thread 0x000002af25be9000 Exception <a 'java/lang/ClassNotFoundException'{0x000000008fddf318}: groovy/lang/MetaClassImplBeanInfo> (0x000000008fddf318) thrown at [./src/hotspot/share/classfile/systemDictionary.cpp, line 231]
Event: 13.107 Thread 0x000002af25be9000 Exception <a 'java/lang/ClassNotFoundException'{0x000000008fde85d0}: java/lang/ObjectBeanInfo> (0x000000008fde85d0) thrown at [./src/hotspot/share/classfile/systemDictionary.cpp, line 231]
Event: 13.109 Thread 0x000002af25be9000 Exception <a 'java/lang/ClassNotFoundException'{0x000000008fdf3cc8}: java/lang/ObjectCustomizer> (0x000000008fdf3cc8) thrown at [./src/hotspot/share/classfile/systemDictionary.cpp, line 231]
Event: 13.116 Thread 0x000002af25be9000 Exception <a 'java/lang/ClassNotFoundException'{0x000000008fc1b420}: groovy/lang/MetaClassImplCustomizer> (0x000000008fc1b420) thrown at [./src/hotspot/share/classfile/systemDictionary.cpp, line 231]
Event: 13.125 Thread 0x000002af25be9000 Exception <a 'java/lang/ClassNotFoundException'{0x000000008fc59f88}: groovy/lang/ExpandoMetaClassCustomizer> (0x000000008fc59f88) thrown at [./src/hotspot/share/classfile/systemDictionary.cpp, line 231]
Event: 13.832 Thread 0x000002af25be9000 Exception <a 'java/lang/ClassNotFoundException'{0x000000008e334f08}: org/gradle/internal/extensibility/DefaultExtraPropertiesExtensionBeanInfo> (0x000000008e334f08) thrown at [./src/hotspot/share/classfile/systemDictionary.cpp, line 231]
Event: 13.836 Thread 0x000002af25be9000 Exception <a 'java/lang/ClassNotFoundException'{0x000000008e356318}: groovy/lang/GroovyObjectSupportBeanInfo> (0x000000008e356318) thrown at [./src/hotspot/share/classfile/systemDictionary.cpp, line 231]
Event: 13.842 Thread 0x000002af25be9000 Exception <a 'java/lang/ClassNotFoundException'{0x000000008e377ae0}: groovy/lang/GroovyObjectSupportCustomizer> (0x000000008e377ae0) thrown at [./src/hotspot/share/classfile/systemDictionary.cpp, line 231]
Event: 13.867 Thread 0x000002af25be9000 Exception <a 'java/lang/ClassNotFoundException'{0x000000008e3cf0d0}: org/gradle/internal/extensibility/DefaultExtraPropertiesExtensionCustomizer> (0x000000008e3cf0d0) thrown at [./src/hotspot/share/classfile/systemDictionary.cpp, line 231]

Events (20 events):
Event: 14.355 loading class org/gradle/cache/internal/btree/CachingBlockStore
Event: 14.355 loading class org/gradle/cache/internal/btree/CachingBlockStore done
Event: 14.356 loading class org/gradle/cache/internal/btree/FileBackedBlockStore
Event: 14.356 loading class org/gradle/cache/internal/btree/FileBackedBlockStore done
Event: 14.357 loading class org/gradle/cache/internal/btree/Block
Event: 14.357 loading class org/gradle/cache/internal/btree/Block done
Event: 14.357 loading class org/gradle/cache/internal/btree/FileBackedBlockStore$BlockImpl
Event: 14.357 loading class org/gradle/cache/internal/btree/FileBackedBlockStore$BlockImpl done
Event: 14.357 loading class org/gradle/cache/internal/btree/BTreePersistentIndexedCache$IndexBlock
Event: 14.357 loading class org/gradle/cache/internal/btree/BTreePersistentIndexedCache$IndexBlock done
Event: 14.358 loading class org/gradle/cache/internal/btree/FreeListBlockStore$FreeListBlock
Event: 14.358 loading class org/gradle/cache/internal/btree/FreeListBlockStore$FreeListBlock done
Event: 14.358 loading class org/gradle/cache/internal/btree/StateCheckBlockStore
Event: 14.358 loading class org/gradle/cache/internal/btree/StateCheckBlockStore done
Event: 14.359 loading class org/gradle/cache/internal/btree/FreeListBlockStore
Event: 14.359 loading class org/gradle/cache/internal/btree/FreeListBlockStore done
Event: 14.359 loading class org/gradle/cache/internal/btree/BTreePersistentIndexedCache$1
Event: 14.359 loading class org/gradle/cache/internal/btree/BTreePersistentIndexedCache$1 done
Event: 14.360 loading class org/gradle/cache/internal/btree/BTreePersistentIndexedCache$2
Event: 14.360 loading class org/gradle/cache/internal/btree/BTreePersistentIndexedCache$2 done


Dynamic libraries:
0x00007ff7d5900000 - 0x00007ff7d590a000 	C:\Program Files\Android\Android Studio1\jre\bin\java.exe
0x00007ffb47e70000 - 0x00007ffb48068000 	C:\Windows\SYSTEM32\ntdll.dll
0x00007ffb46460000 - 0x00007ffb4651d000 	C:\Windows\System32\KERNEL32.DLL
0x00007ffb458c0000 - 0x00007ffb45b8e000 	C:\Windows\System32\KERNELBASE.dll
0x00007ffb45d20000 - 0x00007ffb45e20000 	C:\Windows\System32\ucrtbase.dll
0x00007ffb3fa20000 - 0x00007ffb3fa39000 	C:\Program Files\Android\Android Studio1\jre\bin\jli.dll
0x00007ffb47750000 - 0x00007ffb478f0000 	C:\Windows\System32\USER32.dll
0x00007ffb45cf0000 - 0x00007ffb45d12000 	C:\Windows\System32\win32u.dll
0x00007ffb463d0000 - 0x00007ffb463fa000 	C:\Windows\System32\GDI32.dll
0x00007ffb456a0000 - 0x00007ffb457ab000 	C:\Windows\System32\gdi32full.dll
0x00007ffb45600000 - 0x00007ffb4569d000 	C:\Windows\System32\msvcp_win.dll
0x00007ffb3e3b0000 - 0x00007ffb3e3c7000 	C:\Program Files\Android\Android Studio1\jre\bin\VCRUNTIME140.dll
0x00007ffb335f0000 - 0x00007ffb3388a000 	C:\Windows\WinSxS\amd64_microsoft.windows.common-controls_6595b64144ccf1df_6.0.19041.1110_none_60b5254171f9507e\COMCTL32.dll
0x00007ffb46b80000 - 0x00007ffb46c1e000 	C:\Windows\System32\msvcrt.dll
0x00007ffb47d90000 - 0x00007ffb47dc0000 	C:\Windows\System32\IMM32.DLL
0x00007ffb1d390000 - 0x00007ffb1d42d000 	C:\Program Files\Android\Android Studio1\jre\bin\msvcp140.dll
0x00007ffae2c30000 - 0x00007ffae3715000 	C:\Program Files\Android\Android Studio1\jre\bin\server\jvm.dll
0x00007ffb460b0000 - 0x00007ffb4615e000 	C:\Windows\System32\ADVAPI32.dll
0x00007ffb465d0000 - 0x00007ffb4666c000 	C:\Windows\System32\sechost.dll
0x00007ffb46160000 - 0x00007ffb46285000 	C:\Windows\System32\RPCRT4.dll
0x00007ffb47dc0000 - 0x00007ffb47dc8000 	C:\Windows\System32\PSAPI.DLL
0x00007ffb2a630000 - 0x00007ffb2a639000 	C:\Windows\SYSTEM32\WSOCK32.dll
0x00007ffb467a0000 - 0x00007ffb4680b000 	C:\Windows\System32\WS2_32.dll
0x00007ffb35ed0000 - 0x00007ffb35ef7000 	C:\Windows\SYSTEM32\WINMM.dll
0x00007ffb37600000 - 0x00007ffb3760a000 	C:\Windows\SYSTEM32\VERSION.dll
0x00007ffb43480000 - 0x00007ffb43492000 	C:\Windows\SYSTEM32\kernel.appcore.dll
0x00007ffb2a610000 - 0x00007ffb2a621000 	C:\Program Files\Android\Android Studio1\jre\bin\verify.dll
0x00007ffb3a5b0000 - 0x00007ffb3a794000 	C:\Windows\SYSTEM32\DBGHELP.DLL
0x00007ffb28250000 - 0x00007ffb2827c000 	C:\Windows\SYSTEM32\dbgcore.DLL
0x00007ffb45830000 - 0x00007ffb458b2000 	C:\Windows\System32\bcryptPrimitives.dll
0x00007ffb1ba70000 - 0x00007ffb1ba99000 	C:\Program Files\Android\Android Studio1\jre\bin\java.dll
0x00007ffb2a600000 - 0x00007ffb2a60b000 	C:\Program Files\Android\Android Studio1\jre\bin\jimage.dll
0x00007ffb3fd70000 - 0x00007ffb3fd88000 	C:\Program Files\Android\Android Studio1\jre\bin\zip.dll
0x00007ffb47000000 - 0x00007ffb47743000 	C:\Windows\System32\SHELL32.dll
0x00007ffb43680000 - 0x00007ffb43e15000 	C:\Windows\SYSTEM32\windows.storage.dll
0x00007ffb46ca0000 - 0x00007ffb46ff4000 	C:\Windows\System32\combase.dll
0x00007ffb44ff0000 - 0x00007ffb45020000 	C:\Windows\SYSTEM32\Wldp.dll
0x00007ffb45ed0000 - 0x00007ffb45f7d000 	C:\Windows\System32\SHCORE.dll
0x00007ffb46370000 - 0x00007ffb463c5000 	C:\Windows\System32\shlwapi.dll
0x00007ffb454d0000 - 0x00007ffb454ef000 	C:\Windows\SYSTEM32\profapi.dll
0x00007ffb3e360000 - 0x00007ffb3e37a000 	C:\Program Files\Android\Android Studio1\jre\bin\net.dll
0x00007ffb34f70000 - 0x00007ffb3507a000 	C:\Windows\SYSTEM32\WINHTTP.dll
0x00007ffb44d50000 - 0x00007ffb44dba000 	C:\Windows\system32\mswsock.dll
0x00007ffb3e340000 - 0x00007ffb3e354000 	C:\Program Files\Android\Android Studio1\jre\bin\nio.dll
0x00007ffb2a4a0000 - 0x00007ffb2a4c7000 	C:\Users\Nader Mamdouh\.gradle\native\e1d6ef7f7dcc3fd88c89a11ec53ec762bb8ba0a96d01ffa2cd45eb1d1d8dd5c5\windows-amd64\native-platform.dll
0x00007ffb1cfa0000 - 0x00007ffb1d0e4000 	C:\Users\Nader Mamdouh\.gradle\native\5664cfc778a61ccfe75a443a1ab52a65af34e5dc3c78e0209fed803814484fcb\windows-amd64\native-platform-file-events.dll
0x00007ffb3e330000 - 0x00007ffb3e33a000 	C:\Program Files\Android\Android Studio1\jre\bin\management.dll
0x00007ffb3e320000 - 0x00007ffb3e32d000 	C:\Program Files\Android\Android Studio1\jre\bin\management_ext.dll
0x00007ffb44f50000 - 0x00007ffb44f68000 	C:\Windows\SYSTEM32\CRYPTSP.dll
0x00007ffb44660000 - 0x00007ffb44694000 	C:\Windows\system32\rsaenh.dll
0x00007ffb457b0000 - 0x00007ffb457d7000 	C:\Windows\System32\bcrypt.dll
0x00007ffb45490000 - 0x00007ffb454be000 	C:\Windows\SYSTEM32\USERENV.dll
0x00007ffb44f40000 - 0x00007ffb44f4c000 	C:\Windows\SYSTEM32\CRYPTBASE.dll
0x00007ffb449f0000 - 0x00007ffb44a2b000 	C:\Windows\SYSTEM32\IPHLPAPI.DLL
0x00007ffb47d80000 - 0x00007ffb47d88000 	C:\Windows\System32\NSI.dll
0x00007ffb3af50000 - 0x00007ffb3af67000 	C:\Windows\SYSTEM32\dhcpcsvc6.DLL
0x00007ffb3bb60000 - 0x00007ffb3bb7d000 	C:\Windows\SYSTEM32\dhcpcsvc.DLL
0x00007ffb44a40000 - 0x00007ffb44b0a000 	C:\Windows\SYSTEM32\DNSAPI.dll

dbghelp: loaded successfully - version: 4.0.5 - missing functions: none
symbol engine: initialized successfully - sym options: 0x614 - pdb path: .;C:\Program Files\Android\Android Studio1\jre\bin;C:\Windows\SYSTEM32;C:\Windows\WinSxS\amd64_microsoft.windows.common-controls_6595b64144ccf1df_6.0.19041.1110_none_60b5254171f9507e;C:\Program Files\Android\Android Studio1\jre\bin\server;C:\Users\Nader Mamdouh\.gradle\native\e1d6ef7f7dcc3fd88c89a11ec53ec762bb8ba0a96d01ffa2cd45eb1d1d8dd5c5\windows-amd64;C:\Users\Nader Mamdouh\.gradle\native\5664cfc778a61ccfe75a443a1ab52a65af34e5dc3c78e0209fed803814484fcb\windows-amd64

VM Arguments:
jvm_args: --add-opens=java.base/java.util=ALL-UNNAMED --add-opens=java.base/java.lang=ALL-UNNAMED --add-opens=java.base/java.lang.invoke=ALL-UNNAMED --add-opens=java.base/java.util=ALL-UNNAMED --add-opens=java.prefs/java.util.prefs=ALL-UNNAMED --add-opens=java.prefs/java.util.prefs=ALL-UNNAMED --add-opens=java.base/java.nio.charset=ALL-UNNAMED --add-opens=java.base/java.net=ALL-UNNAMED --add-opens=java.base/java.util.concurrent.atomic=ALL-UNNAMED -Xmx2048m -Dfile.encoding=UTF-8 -Duser.country=US -Duser.language=en -Duser.variant 
java_command: org.gradle.launcher.daemon.bootstrap.GradleDaemon 7.3.3
java_class_path (initial): C:\Users\Nader Mamdouh\.gradle\wrapper\dists\gradle-7.3.3-bin\6a41zxkdtcxs8rphpq6y0069z\gradle-7.3.3\lib\gradle-launcher-7.3.3.jar
Launcher Type: SUN_STANDARD

[Global flags]
     intx CICompilerCount                          = 3                                         {product} {ergonomic}
     uint ConcGCThreads                            = 1                                         {product} {ergonomic}
     uint G1ConcRefinementThreads                  = 4                                         {product} {ergonomic}
   size_t G1HeapRegionSize                         = 1048576                                   {product} {ergonomic}
    uintx GCDrainStackTargetSize                   = 64                                        {product} {ergonomic}
   size_t InitialHeapSize                          = 268435456                                 {product} {ergonomic}
   size_t MarkStackSize                            = 4194304                                   {product} {ergonomic}
   size_t MaxHeapSize                              = 2147483648                                {product} {command line}
   size_t MaxNewSize                               = 1287651328                                {product} {ergonomic}
   size_t MinHeapDeltaBytes                        = 1048576                                   {product} {ergonomic}
    uintx NonNMethodCodeHeapSize                   = 5830732                                {pd product} {ergonomic}
    uintx NonProfiledCodeHeapSize                  = 122913754                              {pd product} {ergonomic}
    uintx ProfiledCodeHeapSize                     = 122913754                              {pd product} {ergonomic}
    uintx ReservedCodeCacheSize                    = 251658240                              {pd product} {ergonomic}
     bool SegmentedCodeCache                       = true                                      {product} {ergonomic}
     bool UseCompressedClassPointers               = true                                 {lp64_product} {ergonomic}
     bool UseCompressedOops                        = true                                 {lp64_product} {ergonomic}
     bool UseG1GC                                  = true                                      {product} {ergonomic}
     bool UseLargePagesIndividualAllocation        = false                                  {pd product} {ergonomic}

Logging:
Log output configuration:
 #0: stdout all=warning uptime,level,tags
 #1: stderr all=off uptime,level,tags

Environment Variables:
PATH=C:\Windows\system32;C:\Windows;C:\Windows\System32\Wbem;C:\Windows\System32\WindowsPowerShell\v1.0\;C:\Windows\System32\OpenSSH\;C:\Program Files (x86)\NVIDIA Corporation\PhysX\Common;C:\Program Files\dotnet\;C:\Program Files\Git\cmd;C:\Users\Nader Mamdouh\AppData\Local\Microsoft\WindowsApps;
USERNAME=Nader Mamdouh
OS=Windows_NT
PROCESSOR_IDENTIFIER=Intel64 Family 6 Model 69 Stepping 1, GenuineIntel



---------------  S Y S T E M  ---------------

OS: Windows 10 , 64 bit Build 19041 (10.0.19041.1889)
OS uptime: 2 days 17:47 hours

CPU:total 4 (initial active 4) (2 cores per cpu, 2 threads per core) family 6 model 69 stepping 1 microcode 0x25, cmov, cx8, fxsr, mmx, sse, sse2, sse3, ssse3, sse4.1, sse4.2, popcnt, avx, avx2, aes, clmul, erms, lzcnt, ht, tsc, tscinvbit, bmi1, bmi2, fma

Memory: 4k page, system-wide physical 16289M (5769M free)
TotalPageFile size 25839M (AvailPageFile size 2M)
current process WorkingSet (physical memory assigned to process): 229M, peak: 232M
current process commit charge ("private bytes"): 432M, peak: 434M

vm_info: OpenJDK 64-Bit Server VM (11.0.12+7-b1504.28-7817840) for windows-amd64 JRE (11.0.12+7-b1504.28-7817840), built on Oct 13 2021 22:12:33 by "builder" with MS VC++ 14.0 (VS2015)

END.
